<?xml version="1.0" encoding="UTF-8"?>
<testng-results skipped="0" failed="0" ignored="0" total="1" passed="1">
  <reporter-output>
  </reporter-output>
  <suite name="Default suite" duration-ms="5679" started-at="2018-02-18T10:49:57Z" finished-at="2018-02-18T10:50:02Z">
    <groups>
    </groups>
    <test name="Default test" duration-ms="5679" started-at="2018-02-18T10:49:57Z" finished-at="2018-02-18T10:50:02Z">
      <class name="Tests.TC1">
        <test-method status="PASS" signature="initDriver()[pri:0, instance:Tests.TC1@29774679]" name="initDriver" is-config="true" duration-ms="4631" started-at="2018-02-18T16:19:52Z" finished-at="2018-02-18T16:19:57Z">
          <reporter-output>
          </reporter-output>
        </test-method> <!-- initDriver -->
        <test-method status="PASS" signature="method1()[pri:0, instance:Tests.TC1@29774679]" name="method1" duration-ms="5626" started-at="2018-02-18T16:19:57Z" finished-at="2018-02-18T16:20:02Z">
          <reporter-output>
          </reporter-output>
        </test-method> <!-- method1 -->
      </class> <!-- Tests.TC1 -->
    </test> <!-- Default test -->
  </suite> <!-- Default suite -->
</testng-results>
